<test-run id="2" testcasecount="0" result="Passed" start-time="2024-10-09 15:40:23.276667" end-time="2024-10-09 15:40:23.312809" duration="0" total="0" passed="0" failed="0" inconclusive="0" skipped="0" asserts="0" clr-version="3.9.0 (tags/v3.9.0:9cf6752, Oct  5 2020, 15:34:40) [MSC v.1927 64 bit (AMD64)]" engine-version="3.6.2"><command-line>C:\Users\z0178599\AppData\Local\Programs\Python\Python39\Scripts\pytest</command-line><filter /></test-run>